TN:
SF:src\app.ts
FNF:0
FNH:0
DA:1,1
DA:2,1
DA:3,1
DA:4,1
DA:5,1
DA:6,1
DA:7,1
DA:8,1
DA:9,1
DA:10,1
DA:11,1
DA:12,1
DA:13,1
DA:14,1
DA:15,1
DA:16,1
DA:17,1
DA:18,1
DA:19,1
DA:20,1
DA:21,1
DA:22,1
DA:23,1
DA:24,4
DA:25,4
DA:26,4
DA:27,4
DA:28,4
DA:29,4
DA:30,1
DA:31,1
DA:32,1
DA:33,4
DA:34,4
DA:35,4
DA:36,1
DA:37,1
DA:38,1
DA:39,1
DA:40,4
DA:41,4
DA:42,4
DA:43,2
DA:44,2
DA:45,2
DA:46,0
DA:47,0
DA:48,0
DA:49,0
DA:50,0
DA:51,0
DA:52,0
DA:53,0
DA:54,0
DA:55,2
DA:56,2
DA:57,2
DA:58,2
DA:59,2
DA:60,2
DA:61,0
DA:62,0
DA:63,0
DA:64,0
DA:65,0
DA:66,0
DA:67,0
DA:68,0
DA:69,0
DA:70,4
DA:71,4
DA:72,4
DA:73,0
DA:74,0
DA:75,0
DA:76,0
DA:77,0
DA:78,0
DA:79,0
DA:80,0
DA:81,0
DA:82,4
DA:83,4
DA:84,4
DA:85,0
DA:86,0
DA:87,0
DA:88,0
DA:89,0
DA:90,4
DA:91,4
DA:92,4
DA:93,0
DA:94,0
DA:95,0
DA:96,0
DA:97,0
DA:98,0
DA:99,0
DA:100,4
DA:101,0
DA:102,0
DA:103,0
DA:104,0
DA:105,0
DA:106,0
DA:107,0
DA:108,0
DA:109,0
DA:110,1
DA:111,1
DA:112,1
DA:113,0
DA:114,1
DA:115,1
DA:116,1
DA:117,1
DA:118,1
DA:119,1
DA:120,1
LF:120
LH:71
BRDA:23,0,0,4
BRDA:92,1,0,0
BRDA:92,2,0,0
BRDA:100,3,0,0
BRDA:29,4,0,1
BRDA:35,5,0,1
BRDA:38,6,0,0
BRDA:42,7,0,2
BRDA:45,8,0,0
BRDA:60,9,0,0
BRDA:116,10,0,1
BRF:11
BRH:5
end_of_record
TN:
SF:src\httpHelpers\createHandler.ts
FN:4,createHandler
FNF:1
FNH:1
FNDA:4,createHandler
DA:1,1
DA:2,1
DA:3,1
DA:4,1
DA:5,4
DA:6,20
DA:7,20
DA:8,20
DA:9,20
DA:10,20
DA:11,20
DA:12,20
DA:13,6
DA:14,20
DA:15,20
DA:16,20
DA:17,20
DA:18,20
DA:19,4
DA:20,4
DA:21,4
DA:22,4
DA:23,20
DA:24,9
DA:25,9
DA:26,9
DA:27,9
DA:28,1
DA:29,1
DA:30,9
DA:31,0
DA:32,0
DA:33,0
DA:34,9
DA:35,4
DA:36,20
DA:37,4
DA:38,4
DA:39,4
DA:40,20
DA:41,1
DA:42,20
DA:43,3
DA:44,3
DA:45,4
DA:46,4
LF:46
LH:43
BRDA:4,0,0,4
BRDA:5,1,0,20
BRDA:12,2,0,14
BRDA:12,3,0,6
BRDA:14,4,0,0
BRDA:18,5,0,2
BRDA:18,6,0,4
BRDA:23,7,0,9
BRDA:27,8,0,1
BRDA:30,9,0,8
BRDA:30,10,0,0
BRDA:34,11,0,4
BRDA:36,12,0,0
BRDA:36,13,0,4
BRDA:40,14,0,1
BRDA:42,15,0,3
BRF:16
BRH:13
end_of_record
TN:
SF:src\httpHelpers\getReqBody.ts
FN:3,getReqBody
FNF:1
FNH:1
FNDA:2,getReqBody
DA:1,1
DA:2,1
DA:3,1
DA:4,2
DA:5,2
DA:6,2
DA:7,2
DA:8,2
DA:9,2
DA:10,2
DA:11,2
DA:12,2
DA:13,2
DA:14,2
DA:15,2
DA:16,2
DA:17,0
DA:18,2
DA:19,2
DA:20,2
LF:20
LH:19
BRDA:3,0,0,2
BRDA:7,1,0,2
BRDA:8,2,0,2
BRDA:12,3,0,2
BRF:4
BRH:4
end_of_record
TN:
SF:src\httpHelpers\index.ts
FNF:0
FNH:0
DA:1,1
DA:2,1
DA:3,1
DA:4,1
DA:5,1
DA:6,1
DA:7,1
DA:8,1
DA:9,1
DA:10,1
LF:10
LH:10
BRF:0
BRH:0
end_of_record
TN:
SF:src\store\store.ts
FN:7,uuidValidateV4
FN:11,getUsers
FN:15,getUserById
FN:31,addUser
FN:44,updateUser
FN:73,deleteUser
FNF:6
FNH:4
FNDA:1,uuidValidateV4
FNDA:1,getUsers
FNDA:1,getUserById
FNDA:2,addUser
FNDA:0,updateUser
FNDA:0,deleteUser
DA:1,1
DA:2,1
DA:3,1
DA:4,1
DA:5,1
DA:6,1
DA:7,1
DA:8,1
DA:9,1
DA:10,1
DA:11,1
DA:12,1
DA:13,1
DA:14,1
DA:15,1
DA:16,1
DA:17,1
DA:18,1
DA:19,1
DA:20,1
DA:21,0
DA:22,0
DA:23,1
DA:24,1
DA:25,1
DA:26,1
DA:27,1
DA:28,1
DA:29,1
DA:30,1
DA:31,1
DA:32,2
DA:33,2
DA:34,2
DA:35,2
DA:36,2
DA:37,2
DA:38,2
DA:39,2
DA:40,2
DA:41,2
DA:42,2
DA:43,2
DA:44,1
DA:45,0
DA:46,0
DA:47,0
DA:48,0
DA:49,0
DA:50,0
DA:51,0
DA:52,0
DA:53,0
DA:54,0
DA:55,0
DA:56,0
DA:57,0
DA:58,0
DA:59,0
DA:60,0
DA:61,0
DA:62,0
DA:63,0
DA:64,0
DA:65,0
DA:66,0
DA:67,0
DA:68,0
DA:69,0
DA:70,0
DA:71,0
DA:72,1
DA:73,1
DA:74,0
DA:75,0
DA:76,0
DA:77,0
DA:78,0
DA:79,0
DA:80,0
DA:81,0
DA:82,0
DA:83,0
LF:83
LH:44
BRDA:7,0,0,1
BRDA:11,1,0,1
BRDA:15,2,0,1
BRDA:20,3,0,0
BRDA:25,4,0,0
BRDA:26,5,0,0
BRDA:27,6,0,0
BRDA:23,7,0,2
BRDA:31,8,0,2
BRF:9
BRH:5
end_of_record
TN:
SF:src\store\user.ts
FN:9,User
FNF:1
FNH:1
FNDA:2,User
DA:1,1
DA:2,1
DA:3,1
DA:4,1
DA:5,1
DA:6,1
DA:7,1
DA:8,1
DA:9,1
DA:10,2
DA:11,2
DA:12,2
DA:13,2
DA:14,2
DA:15,2
DA:16,2
DA:17,2
DA:18,2
DA:19,2
DA:20,2
DA:21,2
DA:22,2
DA:23,1
LF:23
LH:23
BRDA:9,0,0,2
BRF:1
BRH:1
end_of_record
